<?xml version='1.0' encoding='UTF-8'?>
<testsuite hostname="lenovo" name="JuegoTests" tests="4" errors="0" failures="0" skipped="0" time="0.043" timestamp="2024-04-12T23:14:55">
          <properties>
      <property name="java.specification.version" value="21"/><property name="sun.cpu.isalist" value="amd64"/><property name="sun.jnu.encoding" value="Cp1252"/><property name="sun.arch.data.model" value="64"/><property name="java.vendor.url" value="https://java.oracle.com/"/><property name="sun.boot.library.path" value="C:\Program Files\Java\jdk-21\bin"/><property name="sun.java.command" value="xsbt.boot.Boot test"/><property name="jdk.debug" value="release"/><property name="java.specification.vendor" value="Oracle Corporation"/><property name="java.version.date" value="2024-01-16"/><property name="java.home" value="C:\Program Files\Java\jdk-21"/><property name="file.separator" value="\"/><property name="java.vm.compressedOopsMode" value="32-bit"/><property name="line.separator" value="
"/><property name="java.vm.specification.vendor" value="Oracle Corporation"/><property name="java.specification.name" value="Java Platform API Specification"/><property name="user.script" value=""/><property name="sun.management.compiler" value="HotSpot 64-Bit Tiered Compilers"/><property name="java.runtime.version" value="21.0.2+13-LTS-58"/><property name="user.name" value="ideapad 3"/><property name="log4j.ignoreTCL" value="true"/><property name="file.encoding" value="UTF-8"/><property name="jnidispatch.path" value="C:\Users\IDEAPA~1\AppData\Local\Temp\jna--289775793\jna17268736975835219285.dll"/><property name="jna.loaded" value="true"/><property name="java.io.tmpdir" value="C:\Users\IDEAPA~1\AppData\Local\Temp\"/><property name="java.version" value="21.0.2"/><property name="java.vm.specification.name" value="Java Virtual Machine Specification"/><property name="sun.os.patch.level" value=""/><property name="native.encoding" value="Cp1252"/><property name="java.library.path" value="C:\Program Files\Java\jdk-21\bin;C:\WINDOWS\Sun\Java\bin;C:\WINDOWS\system32;C:\WINDOWS;C:\Program Files\Common Files\Oracle\Java\javapath;C:\WINDOWS\system32;C:\WINDOWS;C:\WINDOWS\System32\Wbem;C:\WINDOWS\System32\WindowsPowerShell\v1.0\;C:\WINDOWS\System32\OpenSSH\;C:\Program Files\nodejs\;C:\Program Files\Git\cmd;C:\Program Files (x86)\sbt\bin;C:\Users\ideapad 3\AppData\Local\Programs\Python\Python312\Scripts\;C:\Users\ideapad 3\AppData\Local\Programs\Python\Python312\;C:\Users\ideapad 3\AppData\Local\Programs\Python\Launcher\;C:\Users\ideapad 3\AppData\Local\Microsoft\WindowsApps;;C:\Users\ideapad 3\AppData\Local\Programs\Microsoft VS Code\bin;C:\Users\ideapad 3\AppData\Roaming\npm;."/><property name="stderr.encoding" value="cp850"/><property name="java.vendor" value="Oracle Corporation"/><property name="scala.ext.dirs" value="C:\Users\ideapad 3\.sbt\1.0\java9-rt-ext-oracle_corporation_21_0_2"/><property name="sun.io.unicode.encoding" value="UnicodeLittle"/><property name="java.class.path" value="C:\Program Files (x86)\sbt\\bin\sbt-launch.jar"/><property name="java.vm.vendor" value="Oracle Corporation"/><property name="user.variant" value=""/><property name="jline.shutdownhook" value="false"/><property name="user.timezone" value="America/Santiago"/><property name="java.vm.specification.version" value="21"/><property name="os.name" value="Windows 11"/><property name="sun.java.launcher" value="SUN_STANDARD"/><property name="user.country" value="CL"/><property name="sun.cpu.endian" value="little"/><property name="user.home" value="C:\Users\ideapad 3"/><property name="user.language" value="es"/><property name="sbt.ipcsocket.tmpdir" value="C:\Users\IDEAPA~1\AppData\Local\Temp\.sbt82b26216\ipcsocket"/><property name="swoval.tmpdir" value="C:\Users\IDEAPA~1\AppData\Local\Temp\.sbt82b26216\swoval"/><property name="jline.esc.timeout" value="0"/><property name="stdout.encoding" value="cp850"/><property name="path.separator" value=";"/><property name="os.version" value="10.0"/><property name="jna.nosys" value="true"/><property name="java.runtime.name" value="Java(TM) SE Runtime Environment"/><property name="java.vm.name" value="Java HotSpot(TM) 64-Bit Server VM"/><property name="java.vendor.url.bug" value="https://bugreport.java.com/bugreport/"/><property name="user.dir" value="C:\Users\ideapad 3\Desktop\Proyectos Scala\Entrega parcial 1"/><property name="os.arch" value="amd64"/><property name="java.vm.info" value="mixed mode, sharing"/><property name="java.vm.version" value="21.0.2+13-LTS-58"/><property name="java.class.version" value="65.0"/>
    </properties>
          <testcase classname="JuegoTests" name="Los personajes están vivos al ser inicializados" time="0.038">
                      
                    </testcase><testcase classname="JuegoTests" name="El party puede agregar miembros y verificar si está derrotado" time="0.002">
                      
                    </testcase><testcase classname="JuegoTests" name="Los enemigos pueden cambiar de estado de vivo a muerto" time="0.001">
                      
                    </testcase><testcase classname="JuegoTests" name="Las armas son asignadas correctamente a los personajes" time="0.002">
                      
                    </testcase>
          <system-out><![CDATA[]]></system-out>
          <system-err><![CDATA[]]></system-err>
        </testsuite>